root@go-tribalscale.com - deferred - 93

plefort@go-tribalscale.com - sent - 1
ivan.copeland1997@outlook.com - sent - 9
ivan.copeland1998@outlook.com - sent - 9
ivan.copeland1999@outlook.com - sent - 9
ivan.copeland1990@gmail.com - sent - 2
ivan.copeland1991@gmail.com - sent - 2
ivan.copeland1992@gmail.com - sent - 2
ivan.copeland1994@gmail.com - sent - 2
ivan.copeland1995@gmail.com - sent - 2
2testh49@gmail.com - sent - 2
3testh49@gmail.com - sent - 2
4testh49@gmail.com - sent - 2
5testh49@gmail.com - sent - 2
6testh49@gmail.com - sent - 2
christiaanroos@outlook.com - sent - 2
ivan.copeland1990@outlook.com - sent - 2
ivan.copeland1991@outlook.com - sent - 3
ivan.copeland1992@outlook.com - sent - 4
ivan.copeland1994@outlook.com - sent - 4
ivan.copeland1995@outlook.com - sent - 4
ivan.copeland1996@outlook.com - sent - 5
